[
  {
    "Execution Time": 0.179,
    "Plan": {
      "Actual Loops": 1,
      "Actual Rows": 10,
      "Actual Startup Time": 0.094,
      "Actual Total Time": 0.096,
      "Async Capable": false,
      "Local Dirtied Blocks": 0,
      "Local Hit Blocks": 0,
      "Local Read Blocks": 0,
      "Local Written Blocks": 0,
      "Node Type": "Limit",
      "Parallel Aware": false,
      "Plan Rows": 10,
      "Plan Width": 348,
      "Plans": [
        {
          "Actual Loops": 1,
          "Actual Rows": 10,
          "Actual Startup Time": 0.093,
          "Actual Total Time": 0.094,
          "Async Capable": false,
          "Local Dirtied Blocks": 0,
          "Local Hit Blocks": 0,
          "Local Read Blocks": 0,
          "Local Written Blocks": 0,
          "Node Type": "Sort",
          "Parallel Aware": false,
          "Parent Relationship": "Outer",
          "Plan Rows": 43,
          "Plan Width": 348,
          "Plans": [
            {
              "Actual Loops": 1,
              "Actual Rows": 10,
              "Actual Startup Time": 0.074,
              "Actual Total Time": 0.077,
              "Async Capable": false,
              "Disk Usage": 0,
              "Group Key": [
                "u.id"
              ],
              "HashAgg Batches": 1,
              "Local Dirtied Blocks": 0,
              "Local Hit Blocks": 0,
              "Local Read Blocks": 0,
              "Local Written Blocks": 0,
              "Node Type": "Aggregate",
              "Parallel Aware": false,
              "Parent Relationship": "Outer",
              "Partial Mode": "Simple",
              "Peak Memory Usage": 24,
              "Plan Rows": 43,
              "Plan Width": 348,
              "Planned Partitions": 0,
              "Plans": [
                {
                  "Actual Loops": 1,
                  "Actual Rows": 60,
                  "Actual Startup Time": 0.042,
                  "Actual Total Time": 0.059,
                  "Async Capable": false,
                  "Hash Cond": "(o.user_id = u.id)",
                  "Inner Unique": true,
                  "Join Type": "Right",
                  "Local Dirtied Blocks": 0,
                  "Local Hit Blocks": 0,
                  "Local Read Blocks": 0,
                  "Local Written Blocks": 0,
                  "Node Type": "Hash Join",
                  "Parallel Aware": false,
                  "Parent Relationship": "Outer",
                  "Plan Rows": 43,
                  "Plan Width": 344,
                  "Plans": [
                    {
                      "Actual Loops": 1,
                      "Actual Rows": 60,
                      "Actual Startup Time": 0.006,
                      "Actual Total Time": 0.01,
                      "Alias": "o",
                      "Async Capable": false,
                      "Local Dirtied Blocks": 0,
                      "Local Hit Blocks": 0,
                      "Local Read Blocks": 0,
                      "Local Written Blocks": 0,
                      "Node Type": "Seq Scan",
                      "Parallel Aware": false,
                      "Parent Relationship": "Outer",
                      "Plan Rows": 60,
                      "Plan Width": 8,
                      "Relation Name": "orders",
                      "Shared Dirtied Blocks": 0,
                      "Shared Hit Blocks": 1,
                      "Shared Read Blocks": 0,
                      "Shared Written Blocks": 0,
                      "Startup Cost": 0.0,
                      "Temp Read Blocks": 0,
                      "Temp Written Blocks": 0,
                      "Total Cost": 1.6
                    },
                    {
                      "Actual Loops": 1,
                      "Actual Rows": 10,
                      "Actual Startup Time": 0.025,
                      "Actual Total Time": 0.026,
                      "Async Capable": false,
                      "Hash Batches": 1,
                      "Hash Buckets": 1024,
                      "Local Dirtied Blocks": 0,
                      "Local Hit Blocks": 0,
                      "Local Read Blocks": 0,
                      "Local Written Blocks": 0,
                      "Node Type": "Hash",
                      "Original Hash Batches": 1,
                      "Original Hash Buckets": 1024,
                      "Parallel Aware": false,
                      "Parent Relationship": "Inner",
                      "Peak Memory Usage": 9,
                      "Plan Rows": 43,
                      "Plan Width": 340,
                      "Plans": [
                        {
                          "Actual Loops": 1,
                          "Actual Rows": 10,
                          "Actual Startup Time": 0.014,
                          "Actual Total Time": 0.016,
                          "Alias": "u",
                          "Async Capable": false,
                          "Filter": "(created_at > '2024-01-01 00:00:00+00'::timestamp with time zone)",
                          "Local Dirtied Blocks": 0,
                          "Local Hit Blocks": 0,
                          "Local Read Blocks": 0,
                          "Local Written Blocks": 0,
                          "Node Type": "Seq Scan",
                          "Parallel Aware": false,
                          "Parent Relationship": "Outer",
                          "Plan Rows": 43,
                          "Plan Width": 340,
                          "Relation Name": "users",
                          "Rows Removed by Filter": 0,
                          "Shared Dirtied Blocks": 0,
                          "Shared Hit Blocks": 1,
                          "Shared Read Blocks": 0,
                          "Shared Written Blocks": 0,
                          "Startup Cost": 0.0,
                          "Temp Read Blocks": 0,
                          "Temp Written Blocks": 0,
                          "Total Cost": 11.62
                        }
                      ],
                      "Shared Dirtied Blocks": 0,
                      "Shared Hit Blocks": 1,
                      "Shared Read Blocks": 0,
                      "Shared Written Blocks": 0,
                      "Startup Cost": 11.62,
                      "Temp Read Blocks": 0,
                      "Temp Written Blocks": 0,
                      "Total Cost": 11.62
                    }
                  ],
                  "Shared Dirtied Blocks": 0,
                  "Shared Hit Blocks": 2,
                  "Shared Read Blocks": 0,
                  "Shared Written Blocks": 0,
                  "Startup Cost": 12.16,
                  "Temp Read Blocks": 0,
                  "Temp Written Blocks": 0,
                  "Total Cost": 13.92
                }
              ],
              "Shared Dirtied Blocks": 0,
              "Shared Hit Blocks": 2,
              "Shared Read Blocks": 0,
              "Shared Written Blocks": 0,
              "Startup Cost": 14.13,
              "Strategy": "Hashed",
              "Temp Read Blocks": 0,
              "Temp Written Blocks": 0,
              "Total Cost": 14.56
            }
          ],
          "Shared Dirtied Blocks": 0,
          "Shared Hit Blocks": 2,
          "Shared Read Blocks": 0,
          "Shared Written Blocks": 0,
          "Sort Key": [
            "(count(o.id)) DESC"
          ],
          "Sort Method": "quicksort",
          "Sort Space Type": "Memory",
          "Sort Space Used": 26,
          "Startup Cost": 15.49,
          "Temp Read Blocks": 0,
          "Temp Written Blocks": 0,
          "Total Cost": 15.6
        }
      ],
      "Shared Dirtied Blocks": 0,
      "Shared Hit Blocks": 2,
      "Shared Read Blocks": 0,
      "Shared Written Blocks": 0,
      "Startup Cost": 15.49,
      "Temp Read Blocks": 0,
      "Temp Written Blocks": 0,
      "Total Cost": 15.52
    },
    "Planning": {
      "Local Dirtied Blocks": 0,
      "Local Hit Blocks": 0,
      "Local Read Blocks": 0,
      "Local Written Blocks": 0,
      "Shared Dirtied Blocks": 0,
      "Shared Hit Blocks": 2,
      "Shared Read Blocks": 0,
      "Shared Written Blocks": 0,
      "Temp Read Blocks": 0,
      "Temp Written Blocks": 0
    },
    "Planning Time": 0.335,
    "Triggers": []
  }
]